flickr.activity.userComments
flickr.activity.userPhotos
flickr.auth.checkToken
flickr.auth.getFrob
flickr.auth.getFullToken
flickr.auth.getToken
flickr.blogs.getList
flickr.blogs.postPhoto
flickr.contacts.getList
flickr.contacts.getPublicList
flickr.favorites.add
flickr.favorites.getList
flickr.favorites.getPublicList
flickr.favorites.remove
flickr.groups.browse
flickr.groups.getInfo
flickr.groups.pools.add
flickr.groups.pools.getContext
flickr.groups.pools.getGroups
flickr.groups.pools.getPhotos
flickr.groups.pools.remove
flickr.groups.search
flickr.interestingness.getList
flickr.people.findByEmail
flickr.people.findByUsername
flickr.people.getInfo
flickr.people.getPublicGroups
flickr.people.getPublicPhotos
flickr.people.getUploadStatus
flickr.photos.addTags
flickr.photos.comments.addComment
flickr.photos.comments.deleteComment
flickr.photos.comments.editComment
flickr.photos.comments.getList
flickr.photos.delete
flickr.photos.geo.getLocation
flickr.photos.geo.getPerms
flickr.photos.geo.removeLocation
flickr.photos.geo.setLocation
flickr.photos.geo.setPerms
flickr.photos.getAllContexts
flickr.photos.getContactsPhotos
flickr.photos.getContactsPublicPhotos
flickr.photos.getContext
flickr.photos.getCounts
flickr.photos.getExif
flickr.photos.getFavorites
flickr.photos.getInfo
flickr.photos.getNotInSet
flickr.photos.getPerms
flickr.photos.getRecent
flickr.photos.getSizes
flickr.photos.getUntagged
flickr.photos.getWithGeoData
flickr.photos.getWithoutGeoData
flickr.photos.licenses.getInfo
flickr.photos.licenses.setLicense
flickr.photos.notes.add
flickr.photos.notes.delete
flickr.photos.notes.edit
flickr.photos.recentlyUpdated
flickr.photos.removeTag
flickr.photos.search
flickr.photos.setContentType
flickr.photos.setDates
flickr.photos.setMeta
flickr.photos.setPerms
flickr.photos.setSafetyLevel
flickr.photos.setTags
flickr.photos.transform.rotate
flickr.photos.upload.checkTickets
flickr.photosets.addPhoto
flickr.photosets.comments.addComment
flickr.photosets.comments.deleteComment
flickr.photosets.comments.editComment
flickr.photosets.comments.getList
flickr.photosets.create
flickr.photosets.delete
flickr.photosets.editMeta
flickr.photosets.editPhotos
flickr.photosets.getContext
flickr.photosets.getInfo
flickr.photosets.getList
flickr.photosets.getPhotos
flickr.photosets.orderSets
flickr.photosets.removePhoto
flickr.places.find
flickr.places.findByLatLon
flickr.places.getChildrenWithPhotosPublic
flickr.places.getInfo
flickr.places.getInfoByUrl
flickr.places.placesForUser
flickr.places.resolvePlaceId
flickr.places.resolvePlaceURL
flickr.prefs.getContentType
flickr.prefs.getGeoPerms
flickr.prefs.getHidden
flickr.prefs.getPrivacy
flickr.prefs.getSafetyLevel
flickr.reflection.getMethodInfo
flickr.reflection.getMethods
flickr.tags.getClusterPhotos
flickr.tags.getClusters
flickr.tags.getHotList
flickr.tags.getListPhoto
flickr.tags.getListUser
flickr.tags.getListUserPopular
flickr.tags.getListUserRaw
flickr.tags.getRelated
flickr.test.echo
flickr.test.login
flickr.test.null
flickr.urls.getGroup
flickr.urls.getUserPhotos
flickr.urls.getUserProfile
flickr.urls.lookupGroup
flickr.urls.lookupUser
